<?xml version="1.0" encoding="UTF-8" ?>
<testsuite tests="3" failures="0" name="com.imooc.web.controller.UserControllerTest" time="0.458" errors="0" skipped="0">
  <properties>
[...]
</properties>
  <testcase classname="com.imooc.web.controller.UserControllerTest" name="whenGetInfoFail" time="0.162"/>
  <testcase classname="com.imooc.web.controller.UserControllerTest" name="whenQuerySuccess" time="0.276"/>
  <testcase classname="com.imooc.web.controller.UserControllerTest" name="whenGenInfoSuccess" time="0.02"/>
</testsuite>